<?xml version="1.0" encoding="utf-8"?>
<TestRun id="39c554ba-34df-4eb5-9612-8053b44aad3c" name="karls@OFFICE-PRO 2026-03-07 20:30:42" runUser="OFFICE-PRO\karls" xmlns="http://microsoft.com/schemas/VisualStudio/TeamTest/2010">
  <Times creation="2026-03-07T20:30:42.3919884+00:00" queuing="2026-03-07T20:30:42.3919886+00:00" start="2026-03-07T20:30:41.9342358+00:00" finish="2026-03-07T20:30:42.3949765+00:00" />
  <TestSettings name="default" id="964ac70b-0d2a-4fd9-a63f-8a8c782ed572">
    <Deployment runDeploymentRoot="karls_OFFICE-PRO_2026-03-07_20_30_42" />
  </TestSettings>
  <Results>
    <UnitTestResult executionId="8b5f3a6e-5b61-46e0-af53-e2ac42bc9b9c" testId="a6fe3259-2566-fb8e-5d77-226f81cc7ea5" testName="Motiv.CodeFix.Tests.ClauseNameDeriverTests.DeriveName_IsPattern_ReturnsTypeName" computerName="OFFICE-PRO" duration="00:00:00.0300532" startTime="2026-03-07T20:30:42.2836596+00:00" endTime="2026-03-07T20:30:42.3218523+00:00" testType="13cdc9d9-ddb5-4fa4-a97d-d965ccfc6d4b" outcome="Failed" testListId="8c84fa94-04c1-424b-9868-57a2d4851a1d" relativeResultsDirectory="8b5f3a6e-5b61-46e0-af53-e2ac42bc9b9c">
      <Output>
        <ErrorInfo>
          <Message>ExprType=BinaryExpressionSyntax, Text=obj is string</Message>
          <StackTrace>   at Motiv.CodeFix.Tests.ClauseNameDeriverTests.DeriveName_IsPattern_ReturnsTypeName() in C:\Dev\Motiv\src\Motiv.CodeFix.Tests\ClauseNameDeriverTests.cs:line 102&#xD;
   at System.Reflection.MethodBaseInvoker.InterpretedInvoke_Method(Object obj, IntPtr* args)&#xD;
   at System.Reflection.MethodBaseInvoker.InvokeWithNoArgs(Object obj, BindingFlags invokeAttr)</StackTrace>
        </ErrorInfo>
      </Output>
    </UnitTestResult>
  </Results>
  <TestDefinitions>
    <UnitTest name="Motiv.CodeFix.Tests.ClauseNameDeriverTests.DeriveName_IsPattern_ReturnsTypeName" storage="c:\dev\motiv\src\motiv.codefix.tests\bin\debug\net10.0\motiv.codefix.tests.dll" id="a6fe3259-2566-fb8e-5d77-226f81cc7ea5">
      <Execution id="8b5f3a6e-5b61-46e0-af53-e2ac42bc9b9c" />
      <TestMethod codeBase="C:\Dev\Motiv\src\Motiv.CodeFix.Tests\bin\Debug\net10.0\Motiv.CodeFix.Tests.dll" adapterTypeName="executor://xunit/VsTestRunner3/netcore/" className="Motiv.CodeFix.Tests.ClauseNameDeriverTests" name="DeriveName_IsPattern_ReturnsTypeName" />
    </UnitTest>
  </TestDefinitions>
  <TestEntries>
    <TestEntry testId="a6fe3259-2566-fb8e-5d77-226f81cc7ea5" executionId="8b5f3a6e-5b61-46e0-af53-e2ac42bc9b9c" testListId="8c84fa94-04c1-424b-9868-57a2d4851a1d" />
  </TestEntries>
  <TestLists>
    <TestList name="Results Not in a List" id="8c84fa94-04c1-424b-9868-57a2d4851a1d" />
    <TestList name="All Loaded Results" id="19431567-8539-422a-85d7-44ee4e166bda" />
  </TestLists>
  <ResultSummary outcome="Failed">
    <Counters total="1" executed="1" passed="0" failed="1" error="0" timeout="0" aborted="0" inconclusive="0" passedButRunAborted="0" notRunnable="0" notExecuted="0" disconnected="0" warning="0" completed="0" inProgress="0" pending="0" />
    <Output>
      <StdOut>[xUnit.net 00:00:00.00] xUnit.net VSTest Adapter v3.1.5+1b188a7b0a (64-bit .NET 10.0.0)&#xD;
[xUnit.net 00:00:00.04]   Discovering: Motiv.CodeFix.Tests&#xD;
[xUnit.net 00:00:00.06]   Discovered:  Motiv.CodeFix.Tests&#xD;
[xUnit.net 00:00:00.08]   Starting:    Motiv.CodeFix.Tests&#xD;
[xUnit.net 00:00:00.13]       ExprType=BinaryExpressionSyntax, Text=obj is string&#xD;
[xUnit.net 00:00:00.13]       Stack Trace:&#xD;
[xUnit.net 00:00:00.13]         C:\Dev\Motiv\src\Motiv.CodeFix.Tests\ClauseNameDeriverTests.cs(102,0): at Motiv.CodeFix.Tests.ClauseNameDeriverTests.DeriveName_IsPattern_ReturnsTypeName()&#xD;
[xUnit.net 00:00:00.13]            at System.Reflection.MethodBaseInvoker.InterpretedInvoke_Method(Object obj, IntPtr* args)&#xD;
[xUnit.net 00:00:00.13]            at System.Reflection.MethodBaseInvoker.InvokeWithNoArgs(Object obj, BindingFlags invokeAttr)&#xD;
[xUnit.net 00:00:00.14]   Finished:    Motiv.CodeFix.Tests&#xD;
</StdOut>
    </Output>
    <RunInfos>
      <RunInfo computerName="OFFICE-PRO" outcome="Error" timestamp="2026-03-07T20:30:42.3237181+00:00">
        <Text>[xUnit.net 00:00:00.13]     Motiv.CodeFix.Tests.ClauseNameDeriverTests.DeriveName_IsPattern_ReturnsTypeName [FAIL]</Text>
      </RunInfo>
    </RunInfos>
  </ResultSummary>
</TestRun>